0 info it worked if it ends with ok
1 verbose cli [ '/usr/bin/node', '/usr/bin/npm', 'run', 'dev' ]
2 info using npm@3.5.2
3 info using node@v8.10.0
4 verbose run-script [ 'predev', 'dev', 'postdev' ]
5 info lifecycle miniflare-esbuild-ava@1.0.0~predev: miniflare-esbuild-ava@1.0.0
6 silly lifecycle miniflare-esbuild-ava@1.0.0~predev: no script for predev, continuing
7 info lifecycle miniflare-esbuild-ava@1.0.0~dev: miniflare-esbuild-ava@1.0.0
8 verbose lifecycle miniflare-esbuild-ava@1.0.0~dev: unsafe-perm in lifecycle true
9 verbose lifecycle miniflare-esbuild-ava@1.0.0~dev: PATH: /usr/share/npm/bin/node-gyp-bin:/root/x-rp/horseman/node_modules/.bin:/usr/local/sbin:/usr/local/bin:/usr/sbin:/usr/bin:/sbin:/bin:/usr/games:/usr/local/games:/snap/bin:/usr/lib/jvm/java-8-openjdk-amd64//bin
10 verbose lifecycle miniflare-esbuild-ava@1.0.0~dev: CWD: /root/x-rp/horseman
11 silly lifecycle miniflare-esbuild-ava@1.0.0~dev: Args: [ '-c',
11 silly lifecycle   'npx miniflare@latest --watch --debug --env .secrets.env' ]
12 info lifecycle miniflare-esbuild-ava@1.0.0~dev: Failed to exec dev script
13 verbose stack Error: miniflare-esbuild-ava@1.0.0 dev: `npx miniflare@latest --watch --debug --env .secrets.env`
13 verbose stack spawn ENOENT
13 verbose stack     at ChildProcess.<anonymous> (/usr/share/npm/lib/utils/spawn.js:17:16)
13 verbose stack     at emitTwo (events.js:126:13)
13 verbose stack     at ChildProcess.emit (events.js:214:7)
13 verbose stack     at maybeClose (internal/child_process.js:925:16)
13 verbose stack     at Process.ChildProcess._handle.onexit (internal/child_process.js:209:5)
14 verbose pkgid miniflare-esbuild-ava@1.0.0
15 verbose cwd /root/x-rp/horseman
16 error Linux 4.15.0-161-generic
17 error argv "/usr/bin/node" "/usr/bin/npm" "run" "dev"
18 error node v8.10.0
19 error npm  v3.5.2
20 error file sh
21 error code ELIFECYCLE
22 error errno ENOENT
23 error syscall spawn
24 error miniflare-esbuild-ava@1.0.0 dev: `npx miniflare@latest --watch --debug --env .secrets.env`
24 error spawn ENOENT
25 error Failed at the miniflare-esbuild-ava@1.0.0 dev script 'npx miniflare@latest --watch --debug --env .secrets.env'.
25 error Make sure you have the latest version of node.js and npm installed.
25 error If you do, this is most likely a problem with the miniflare-esbuild-ava package,
25 error not with npm itself.
25 error Tell the author that this fails on your system:
25 error     npx miniflare@latest --watch --debug --env .secrets.env
25 error You can get information on how to open an issue for this project with:
25 error     npm bugs miniflare-esbuild-ava
25 error Or if that isn't available, you can get their info via:
25 error     npm owner ls miniflare-esbuild-ava
25 error There is likely additional logging output above.
26 verbose exit [ 1, true ]
